<?xml version="1.0" encoding="UTF-8"?>
<!-- Generated by org.testng.reporters.JUnitReportReporter -->
<testsuite skipped="0" hostname="DESKTOP-5DG31F1" name="qaclickacademy.SeleniumTest" tests="2" failures="0" timestamp="17 Jul 2019 02:38:59 GMT" time="0.026" errors="0">
  <testcase name="elementsUI" time="0.005" classname="qaclickacademy.SeleniumTest"/>
  <testcase name="BrowserAutomation" time="0.021" classname="qaclickacademy.SeleniumTest"/>
</testsuite> <!-- qaclickacademy.SeleniumTest -->
