<?xml version="1.0" encoding="UTF-8"?>
<!-- Generated by org.testng.reporters.JUnitReportReporter -->
<testsuite skipped="0" hostname="DESKTOP-5DG31F1" name="qaclickacademy.SeleniumTest" tests="2" failures="0" timestamp="2019-07-17T10:04:17 EDT" time="0.033" errors="0">
  <testcase name="elementsUI" time="0.000" classname="qaclickacademy.SeleniumTest"/>
  <testcase name="BrowserAutomation" time="0.033" classname="qaclickacademy.SeleniumTest"/>
</testsuite> <!-- qaclickacademy.SeleniumTest -->
