<?xml version="1.0" encoding="UTF-8"?>
<!-- Generated by org.testng.reporters.JUnitReportReporter -->
<testsuite skipped="0" hostname="DESKTOP-5DG31F1" name="qaclickacademy.AppiumTest" tests="2" failures="0" timestamp="2019-07-17T10:01:24 EDT" time="0.003" errors="0">
  <testcase name="IOSApps" time="0.002" classname="qaclickacademy.AppiumTest"/>
  <testcase name="NativeAPPAndroid" time="0.001" classname="qaclickacademy.AppiumTest"/>
</testsuite> <!-- qaclickacademy.AppiumTest -->
